# JRE version: OpenJDK Runtime Environment Microsoft-8035250 (11.0.20+8) (build 11.0.20+8-LTS)
# Java VM: OpenJDK 64-Bit Server VM Microsoft-8035250 (11.0.20+8-LTS, mixed mode, tiered, compressed oops, g1 gc, windows-amd64)
Heap:
 garbage-first heap   total 260096K, used 190331K [0x0000000080000000, 0x0000000100000000)
  region size 1024K, 22 young (22528K), 2 survivors (2048K)
 Metaspace       used 107728K, capacity 111665K, committed 111828K, reserved 612352K
  class space    used 14183K, capacity 15724K, committed 15820K, reserved 516096K
GC Heap History (20 events):
Event: 29.229 GC heap before
{Heap before GC invocations=13 (full 0):
 garbage-first heap   total 260096K, used 201128K [0x0000000080000000, 0x0000000100000000)
  region size 1024K, 130 young (133120K), 14 survivors (14336K)
 Metaspace       used 93980K, capacity 97065K, committed 97236K, reserved 600064K
  class space    used 12439K, capacity 13698K, committed 13772K, reserved 516096K
}
Event: 29.246 GC heap after
{Heap after GC invocations=14 (full 0):
 garbage-first heap   total 260096K, used 94835K [0x0000000080000000, 0x0000000100000000)
  region size 1024K, 13 young (13312K), 13 survivors (13312K)
 Metaspace       used 93980K, capacity 97065K, committed 97236K, reserved 600064K
  class space    used 12439K, capacity 13698K, committed 13772K, reserved 516096K
}
Event: 30.637 GC heap before
{Heap before GC invocations=14 (full 0):
 garbage-first heap   total 260096K, used 214643K [0x0000000080000000, 0x0000000100000000)
  region size 1024K, 118 young (120832K), 13 survivors (13312K)
 Metaspace       used 97047K, capacity 100420K, committed 100692K, reserved 604160K
  class space    used 12769K, capacity 14120K, committed 14156K, reserved 516096K
}
Event: 30.655 GC heap after
{Heap after GC invocations=15 (full 0):
 garbage-first heap   total 260096K, used 125521K [0x0000000080000000, 0x0000000100000000)
  region size 1024K, 15 young (15360K), 15 survivors (15360K)
 Metaspace       used 97047K, capacity 100420K, committed 100692K, reserved 604160K
  class space    used 12769K, capacity 14120K, committed 14156K, reserved 516096K
}
Event: 30.942 GC heap before
{Heap before GC invocations=15 (full 0):
 garbage-first heap   total 260096K, used 154193K [0x0000000080000000, 0x0000000100000000)
  region size 1024K, 38 young (38912K), 15 survivors (15360K)
 Metaspace       used 97526K, capacity 100914K, committed 101048K, reserved 604160K
  class space    used 12843K, capacity 14205K, committed 14284K, reserved 516096K
}
Event: 30.953 GC heap after
{Heap after GC invocations=16 (full 0):
 garbage-first heap   total 260096K, used 140288K [0x0000000080000000, 0x0000000100000000)
  region size 1024K, 8 young (8192K), 8 survivors (8192K)
 Metaspace       used 97526K, capacity 100914K, committed 101048K, reserved 604160K
  class space    used 12843K, capacity 14205K, committed 14284K, reserved 516096K
}
Event: 31.306 GC heap before
{Heap before GC invocations=17 (full 0):
 garbage-first heap   total 260096K, used 190464K [0x0000000080000000, 0x0000000100000000)
  region size 1024K, 57 young (58368K), 8 survivors (8192K)
 Metaspace       used 99992K, capacity 103464K, committed 103636K, reserved 606208K
  class space    used 13137K, capacity 14515K, committed 14540K, reserved 516096K
}
Event: 31.319 GC heap after
{Heap after GC invocations=18 (full 0):
 garbage-first heap   total 260096K, used 143515K [0x0000000080000000, 0x0000000100000000)
  region size 1024K, 4 young (4096K), 4 survivors (4096K)
 Metaspace       used 99992K, capacity 103464K, committed 103636K, reserved 606208K
  class space    used 13137K, capacity 14515K, committed 14540K, reserved 516096K
}
Event: 31.669 GC heap before
{Heap before GC invocations=19 (full 0):
 garbage-first heap   total 260096K, used 169115K [0x0000000080000000, 0x0000000100000000)
  region size 1024K, 31 young (31744K), 4 survivors (4096K)
 Metaspace       used 100277K, capacity 103997K, committed 104276K, reserved 606208K
  class space    used 13173K, capacity 14617K, committed 14668K, reserved 516096K
}
Event: 31.678 GC heap after
{Heap after GC invocations=20 (full 0):
 garbage-first heap   total 260096K, used 148480K [0x0000000080000000, 0x0000000100000000)
  region size 1024K, 7 young (7168K), 7 survivors (7168K)
 Metaspace       used 100277K, capacity 103997K, committed 104276K, reserved 606208K
  class space    used 13173K, capacity 14617K, committed 14668K, reserved 516096K
}
Event: 32.181 GC heap before
{Heap before GC invocations=21 (full 0):
 garbage-first heap   total 260096K, used 198656K [0x0000000080000000, 0x0000000100000000)
  region size 1024K, 55 young (56320K), 7 survivors (7168K)
 Metaspace       used 101855K, capacity 105601K, committed 105812K, reserved 608256K
  class space    used 13421K, capacity 14900K, committed 14924K, reserved 516096K
}
Event: 32.192 GC heap after
{Heap after GC invocations=22 (full 0):
 garbage-first heap   total 260096K, used 158326K [0x0000000080000000, 0x0000000100000000)
  region size 1024K, 7 young (7168K), 7 survivors (7168K)
 Metaspace       used 101855K, capacity 105601K, committed 105812K, reserved 608256K
  class space    used 13421K, capacity 14900K, committed 14924K, reserved 516096K
}
Event: 32.243 GC heap before
{Heap before GC invocations=22 (full 0):
 garbage-first heap   total 260096K, used 163446K [0x0000000080000000, 0x0000000100000000)
  region size 1024K, 12 young (12288K), 7 survivors (7168K)
 Metaspace       used 102118K, capacity 105940K, committed 106196K, reserved 608256K
  class space    used 13461K, capacity 14968K, committed 15052K, reserved 516096K
}
Event: 32.249 GC heap after
{Heap after GC invocations=23 (full 0):
 garbage-first heap   total 260096K, used 158711K [0x0000000080000000, 0x0000000100000000)
  region size 1024K, 1 young (1024K), 1 survivors (1024K)
 Metaspace       used 102118K, capacity 105940K, committed 106196K, reserved 608256K
  class space    used 13461K, capacity 14968K, committed 15052K, reserved 516096K
}
Event: 32.730 GC heap before
{Heap before GC invocations=23 (full 0):
 garbage-first heap   total 260096K, used 203767K [0x0000000080000000, 0x0000000100000000)
  region size 1024K, 45 young (46080K), 1 survivors (1024K)
 Metaspace       used 105015K, capacity 108845K, committed 109140K, reserved 610304K
  class space    used 13848K, capacity 15352K, committed 15436K, reserved 516096K
}
Event: 32.736 GC heap after
{Heap after GC invocations=24 (full 0):
 garbage-first heap   total 260096K, used 161055K [0x0000000080000000, 0x0000000100000000)
  region size 1024K, 4 young (4096K), 4 survivors (4096K)
 Metaspace       used 105015K, capacity 108845K, committed 109140K, reserved 610304K
  class space    used 13848K, capacity 15352K, committed 15436K, reserved 516096K
}
Event: 33.213 GC heap before
{Heap before GC invocations=25 (full 0):
 garbage-first heap   total 260096K, used 207135K [0x0000000080000000, 0x0000000100000000)
  region size 1024K, 49 young (50176K), 4 survivors (4096K)
 Metaspace       used 106573K, capacity 110534K, committed 110548K, reserved 612352K
  class space    used 14022K, capacity 15552K, committed 15564K, reserved 516096K
}
Event: 33.226 GC heap after
{Heap after GC invocations=26 (full 0):
 garbage-first heap   total 260096K, used 170133K [0x0000000080000000, 0x0000000100000000)
  region size 1024K, 7 young (7168K), 7 survivors (7168K)
 Metaspace       used 106573K, capacity 110534K, committed 110548K, reserved 612352K
  class space    used 14022K, capacity 15552K, committed 15564K, reserved 516096K
}
Event: 33.274 GC heap before
{Heap before GC invocations=26 (full 0):
 garbage-first heap   total 260096K, used 175253K [0x0000000080000000, 0x0000000100000000)
  region size 1024K, 12 young (12288K), 7 survivors (7168K)
 Metaspace       used 106856K, capacity 110822K, committed 110932K, reserved 612352K
  class space    used 14065K, capacity 15584K, committed 15692K, reserved 516096K
}
Event: 33.280 GC heap after
{Heap after GC invocations=27 (full 0):
 garbage-first heap   total 260096K, used 170875K [0x0000000080000000, 0x0000000100000000)
  region size 1024K, 2 young (2048K), 2 survivors (2048K)
 Metaspace       used 106856K, capacity 110822K, committed 110932K, reserved 612352K
  class space    used 14065K, capacity 15584K, committed 15692K, reserved 516096K
}

