# JRE version: Java(TM) SE Runtime Environment (17.0.10+11) (build 17.0.10+11-LTS-240)
# Java VM: Java HotSpot(TM) 64-Bit Server VM (17.0.10+11-LTS-240, mixed mode, sharing, tiered, compressed oops, compressed class ptrs, g1 gc, windows-amd64)
GC Precious Log:
 CPUs: 8 total, 8 available
 Memory: 16255M
 Large Page Support: Disabled
 NUMA Support: Disabled
 Compressed Oops: Enabled (Zero based)
 Heap Region Size: 2M
 Heap Min Capacity: 8M
 Heap Initial Capacity: 254M
 Heap Max Capacity: 4064M
 Pre-touch: Disabled
 Parallel Workers: 8
 Concurrent Workers: 2
 Concurrent Refinement Workers: 8
 Periodic GC: Disabled
Heap:
 garbage-first heap   total 75776K, used 52395K [0x0000000702000000, 0x0000000800000000)
  region size 2048K, 16 young (32768K), 2 survivors (4096K)
 Metaspace       used 32627K, committed 32960K, reserved 1114112K
  class space    used 4146K, committed 4288K, reserved 1048576K
GC Heap History (11 events):
Event: 1.553 GC heap before
{Heap before GC invocations=0 (full 0):
 garbage-first heap   total 260096K, used 24576K [0x0000000702000000, 0x0000000800000000)
  region size 2048K, 11 young (22528K), 0 survivors (0K)
 Metaspace       used 6193K, committed 6336K, reserved 1114112K
  class space    used 621K, committed 704K, reserved 1048576K
}
Event: 2.112 GC heap after
{Heap after GC invocations=1 (full 0):
 garbage-first heap   total 260096K, used 6757K [0x0000000702000000, 0x0000000800000000)
  region size 2048K, 2 young (4096K), 2 survivors (4096K)
 Metaspace       used 6193K, committed 6336K, reserved 1114112K
  class space    used 621K, committed 704K, reserved 1048576K
}
Event: 3.750 GC heap before
{Heap before GC invocations=1 (full 0):
 garbage-first heap   total 260096K, used 43621K [0x0000000702000000, 0x0000000800000000)
  region size 2048K, 20 young (40960K), 2 survivors (4096K)
 Metaspace       used 14543K, committed 14784K, reserved 1114112K
  class space    used 1673K, committed 1792K, reserved 1048576K
}
Event: 3.757 GC heap after
{Heap after GC invocations=2 (full 0):
 garbage-first heap   total 260096K, used 10246K [0x0000000702000000, 0x0000000800000000)
  region size 2048K, 3 young (6144K), 3 survivors (6144K)
 Metaspace       used 14543K, committed 14784K, reserved 1114112K
  class space    used 1673K, committed 1792K, reserved 1048576K
}
Event: 4.492 GC heap before
{Heap before GC invocations=2 (full 0):
 garbage-first heap   total 260096K, used 36870K [0x0000000702000000, 0x0000000800000000)
  region size 2048K, 15 young (30720K), 3 survivors (6144K)
 Metaspace       used 21285K, committed 21504K, reserved 1114112K
  class space    used 2766K, committed 2816K, reserved 1048576K
}
Event: 4.499 GC heap after
{Heap after GC invocations=3 (full 0):
 garbage-first heap   total 260096K, used 16677K [0x0000000702000000, 0x0000000800000000)
  region size 2048K, 5 young (10240K), 5 survivors (10240K)
 Metaspace       used 21285K, committed 21504K, reserved 1114112K
  class space    used 2766K, committed 2816K, reserved 1048576K
}
Event: 5.748 GC heap before
{Heap before GC invocations=4 (full 0):
 garbage-first heap   total 75776K, used 53541K [0x0000000702000000, 0x0000000800000000)
  region size 2048K, 22 young (45056K), 5 survivors (10240K)
 Metaspace       used 26728K, committed 26944K, reserved 1114112K
  class space    used 3579K, committed 3712K, reserved 1048576K
}
Event: 5.764 GC heap after
{Heap after GC invocations=5 (full 0):
 garbage-first heap   total 75776K, used 22007K [0x0000000702000000, 0x0000000800000000)
  region size 2048K, 3 young (6144K), 3 survivors (6144K)
 Metaspace       used 26728K, committed 26944K, reserved 1114112K
  class space    used 3579K, committed 3712K, reserved 1048576K
}
Event: 5.792 GC heap before
{Heap before GC invocations=5 (full 0):
 garbage-first heap   total 75776K, used 22007K [0x0000000702000000, 0x0000000800000000)
  region size 2048K, 4 young (8192K), 3 survivors (6144K)
 Metaspace       used 27218K, committed 27456K, reserved 1114112K
  class space    used 3641K, committed 3776K, reserved 1048576K
}
Event: 5.800 GC heap after
{Heap after GC invocations=6 (full 0):
 garbage-first heap   total 75776K, used 23723K [0x0000000702000000, 0x0000000800000000)
  region size 2048K, 1 young (2048K), 1 survivors (2048K)
 Metaspace       used 27218K, committed 27456K, reserved 1114112K
  class space    used 3641K, committed 3776K, reserved 1048576K
}
Event: 6.395 GC heap before
{Heap before GC invocations=6 (full 0):
 garbage-first heap   total 75776K, used 52395K [0x0000000702000000, 0x0000000800000000)
  region size 2048K, 15 young (30720K), 1 survivors (2048K)
 Metaspace       used 32627K, committed 32960K, reserved 1114112K
  class space    used 4146K, committed 4288K, reserved 1048576K
}

