# JRE version: Java(TM) SE Runtime Environment (17.0.10+11) (build 17.0.10+11-LTS-240)
# Java VM: Java HotSpot(TM) 64-Bit Server VM (17.0.10+11-LTS-240, mixed mode, sharing, tiered, compressed oops, compressed class ptrs, g1 gc, windows-amd64)
GC Precious Log:
 CPUs: 8 total, 8 available
 Memory: 16255M
 Large Page Support: Disabled
 NUMA Support: Disabled
 Compressed Oops: Enabled (32-bit)
 Heap Region Size: 1M
 Heap Min Capacity: 8M
 Heap Initial Capacity: 254M
 Heap Max Capacity: 2G
 Pre-touch: Disabled
 Parallel Workers: 8
 Concurrent Workers: 2
 Concurrent Refinement Workers: 8
 Periodic GC: Disabled
Heap:
 garbage-first heap   total 388096K, used 273865K [0x0000000080000000, 0x0000000100000000)
  region size 1024K, 55 young (56320K), 13 survivors (13312K)
 Metaspace       used 100666K, committed 102144K, reserved 557056K
  class space    used 13981K, committed 14656K, reserved 425984K
GC Heap History (20 events):
Event: 30.361 GC heap before
{Heap before GC invocations=34 (full 0):
 garbage-first heap   total 249856K, used 208597K [0x0000000080000000, 0x0000000100000000)
  region size 1024K, 115 young (117760K), 11 survivors (11264K)
 Metaspace       used 83411K, committed 84416K, reserved 557056K
  class space    used 11670K, committed 12096K, reserved 425984K
}
Event: 30.402 GC heap after
{Heap after GC invocations=35 (full 0):
 garbage-first heap   total 249856K, used 122938K [0x0000000080000000, 0x0000000100000000)
  region size 1024K, 15 young (15360K), 15 survivors (15360K)
 Metaspace       used 83411K, committed 84416K, reserved 557056K
  class space    used 11670K, committed 12096K, reserved 425984K
}
Event: 32.867 GC heap before
{Heap before GC invocations=35 (full 0):
 garbage-first heap   total 249856K, used 196666K [0x0000000080000000, 0x0000000100000000)
  region size 1024K, 86 young (88064K), 15 survivors (15360K)
 Metaspace       used 86345K, committed 87488K, reserved 557056K
  class space    used 12051K, committed 12544K, reserved 425984K
}
Event: 32.882 GC heap after
{Heap after GC invocations=36 (full 0):
 garbage-first heap   total 249856K, used 142895K [0x0000000080000000, 0x0000000100000000)
  region size 1024K, 11 young (11264K), 11 survivors (11264K)
 Metaspace       used 86345K, committed 87488K, reserved 557056K
  class space    used 12051K, committed 12544K, reserved 425984K
}
Event: 33.688 GC heap before
{Heap before GC invocations=36 (full 0):
 garbage-first heap   total 249856K, used 204335K [0x0000000080000000, 0x0000000100000000)
  region size 1024K, 63 young (64512K), 11 survivors (11264K)
 Metaspace       used 88321K, committed 89536K, reserved 557056K
  class space    used 12303K, committed 12864K, reserved 425984K
}
Event: 33.699 GC heap after
{Heap after GC invocations=37 (full 0):
 garbage-first heap   total 249856K, used 163840K [0x0000000080000000, 0x0000000100000000)
  region size 1024K, 8 young (8192K), 8 survivors (8192K)
 Metaspace       used 88321K, committed 89536K, reserved 557056K
  class space    used 12303K, committed 12864K, reserved 425984K
}
Event: 34.366 GC heap before
{Heap before GC invocations=37 (full 0):
 garbage-first heap   total 249856K, used 206848K [0x0000000080000000, 0x0000000100000000)
  region size 1024K, 44 young (45056K), 8 survivors (8192K)
 Metaspace       used 89488K, committed 90816K, reserved 557056K
  class space    used 12470K, committed 13056K, reserved 425984K
}
Event: 34.373 GC heap after
{Heap after GC invocations=38 (full 0):
 garbage-first heap   total 249856K, used 180196K [0x0000000080000000, 0x0000000100000000)
  region size 1024K, 6 young (6144K), 6 survivors (6144K)
 Metaspace       used 89488K, committed 90816K, reserved 557056K
  class space    used 12470K, committed 13056K, reserved 425984K
}
Event: 34.581 GC heap before
{Heap before GC invocations=38 (full 0):
 garbage-first heap   total 249856K, used 205796K [0x0000000080000000, 0x0000000100000000)
  region size 1024K, 31 young (31744K), 6 survivors (6144K)
 Metaspace       used 91403K, committed 92736K, reserved 557056K
  class space    used 12711K, committed 13312K, reserved 425984K
}
Event: 34.586 GC heap after
{Heap after GC invocations=39 (full 0):
 garbage-first heap   total 249856K, used 184580K [0x0000000080000000, 0x0000000100000000)
  region size 1024K, 4 young (4096K), 4 survivors (4096K)
 Metaspace       used 91403K, committed 92736K, reserved 557056K
  class space    used 12711K, committed 13312K, reserved 425984K
}
Event: 34.824 GC heap before
{Heap before GC invocations=39 (full 0):
 garbage-first heap   total 249856K, used 208132K [0x0000000080000000, 0x0000000100000000)
  region size 1024K, 27 young (27648K), 4 survivors (4096K)
 Metaspace       used 91831K, committed 93184K, reserved 557056K
  class space    used 12774K, committed 13376K, reserved 425984K
}
Event: 34.828 GC heap after
{Heap after GC invocations=40 (full 0):
 garbage-first heap   total 249856K, used 188621K [0x0000000080000000, 0x0000000100000000)
  region size 1024K, 4 young (4096K), 4 survivors (4096K)
 Metaspace       used 91831K, committed 93184K, reserved 557056K
  class space    used 12774K, committed 13376K, reserved 425984K
}
Event: 35.060 GC heap before
{Heap before GC invocations=40 (full 0):
 garbage-first heap   total 249856K, used 211149K [0x0000000080000000, 0x0000000100000000)
  region size 1024K, 25 young (25600K), 4 survivors (4096K)
 Metaspace       used 92175K, committed 93504K, reserved 557056K
  class space    used 12820K, committed 13440K, reserved 425984K
}
Event: 35.065 GC heap after
{Heap after GC invocations=41 (full 0):
 garbage-first heap   total 249856K, used 197420K [0x0000000080000000, 0x0000000100000000)
  region size 1024K, 4 young (4096K), 4 survivors (4096K)
 Metaspace       used 92175K, committed 93504K, reserved 557056K
  class space    used 12820K, committed 13440K, reserved 425984K
}
Event: 35.176 GC heap before
{Heap before GC invocations=41 (full 0):
 garbage-first heap   total 249856K, used 212780K [0x0000000080000000, 0x0000000100000000)
  region size 1024K, 19 young (19456K), 4 survivors (4096K)
 Metaspace       used 92583K, committed 93888K, reserved 557056K
  class space    used 12895K, committed 13504K, reserved 425984K
}
Event: 35.181 GC heap after
{Heap after GC invocations=42 (full 0):
 garbage-first heap   total 388096K, used 200400K [0x0000000080000000, 0x0000000100000000)
  region size 1024K, 3 young (3072K), 3 survivors (3072K)
 Metaspace       used 92583K, committed 93888K, reserved 557056K
  class space    used 12895K, committed 13504K, reserved 425984K
}
Event: 35.890 GC heap before
{Heap before GC invocations=42 (full 0):
 garbage-first heap   total 388096K, used 289488K [0x0000000080000000, 0x0000000100000000)
  region size 1024K, 90 young (92160K), 3 survivors (3072K)
 Metaspace       used 97334K, committed 98688K, reserved 557056K
  class space    used 13574K, committed 14208K, reserved 425984K
}
Event: 35.897 GC heap after
{Heap after GC invocations=43 (full 0):
 garbage-first heap   total 388096K, used 208036K [0x0000000080000000, 0x0000000100000000)
  region size 1024K, 11 young (11264K), 11 survivors (11264K)
 Metaspace       used 97334K, committed 98688K, reserved 557056K
  class space    used 13574K, committed 14208K, reserved 425984K
}
Event: 36.595 GC heap before
{Heap before GC invocations=43 (full 0):
 garbage-first heap   total 388096K, used 297124K [0x0000000080000000, 0x0000000100000000)
  region size 1024K, 98 young (100352K), 11 survivors (11264K)
 Metaspace       used 100030K, committed 101504K, reserved 557056K
  class space    used 13891K, committed 14592K, reserved 425984K
}
Event: 36.615 GC heap after
{Heap after GC invocations=44 (full 0):
 garbage-first heap   total 388096K, used 231881K [0x0000000080000000, 0x0000000100000000)
  region size 1024K, 13 young (13312K), 13 survivors (13312K)
 Metaspace       used 100030K, committed 101504K, reserved 557056K
  class space    used 13891K, committed 14592K, reserved 425984K
}

