# JRE version: OpenJDK Runtime Environment Microsoft-8035250 (11.0.20+8) (build 11.0.20+8-LTS)
# Java VM: OpenJDK 64-Bit Server VM Microsoft-8035250 (11.0.20+8-LTS, mixed mode, tiered, compressed oops, g1 gc, windows-amd64)
Heap:
 garbage-first heap   total 260096K, used 175394K [0x0000000080000000, 0x0000000100000000)
  region size 1024K, 108 young (110592K), 12 survivors (12288K)
 Metaspace       used 91320K, capacity 93978K, committed 94088K, reserved 598016K
  class space    used 12046K, capacity 13119K, committed 13184K, reserved 516096K
GC Heap History (20 events):
Event: 0.968 GC heap before
{Heap before GC invocations=0 (full 0):
 garbage-first heap   total 260096K, used 27648K [0x0000000080000000, 0x0000000100000000)
  region size 1024K, 24 young (24576K), 0 survivors (0K)
 Metaspace       used 9822K, capacity 10016K, committed 10112K, reserved 526336K
  class space    used 1000K, capacity 1069K, committed 1152K, reserved 516096K
}
Event: 0.971 GC heap after
{Heap after GC invocations=1 (full 0):
 garbage-first heap   total 260096K, used 10614K [0x0000000080000000, 0x0000000100000000)
  region size 1024K, 3 young (3072K), 3 survivors (3072K)
 Metaspace       used 9822K, capacity 10016K, committed 10112K, reserved 526336K
  class space    used 1000K, capacity 1069K, committed 1152K, reserved 516096K
}
Event: 3.189 GC heap before
{Heap before GC invocations=1 (full 0):
 garbage-first heap   total 260096K, used 103798K [0x0000000080000000, 0x0000000100000000)
  region size 1024K, 94 young (96256K), 3 survivors (3072K)
 Metaspace       used 20776K, capacity 21188K, committed 21296K, reserved 536576K
  class space    used 2487K, capacity 2652K, committed 2688K, reserved 516096K
}
Event: 3.198 GC heap after
{Heap after GC invocations=2 (full 0):
 garbage-first heap   total 260096K, used 17963K [0x0000000080000000, 0x0000000100000000)
  region size 1024K, 11 young (11264K), 11 survivors (11264K)
 Metaspace       used 20776K, capacity 21188K, committed 21296K, reserved 536576K
  class space    used 2487K, capacity 2652K, committed 2688K, reserved 516096K
}
Event: 3.805 GC heap before
{Heap before GC invocations=3 (full 0):
 garbage-first heap   total 260096K, used 79403K [0x0000000080000000, 0x0000000100000000)
  region size 1024K, 71 young (72704K), 11 survivors (11264K)
 Metaspace       used 26696K, capacity 27253K, committed 27440K, reserved 540672K
  class space    used 3446K, capacity 3660K, committed 3712K, reserved 516096K
}
Event: 3.813 GC heap after
{Heap after GC invocations=4 (full 0):
 garbage-first heap   total 260096K, used 20525K [0x0000000080000000, 0x0000000100000000)
  region size 1024K, 3 young (3072K), 3 survivors (3072K)
 Metaspace       used 26696K, capacity 27253K, committed 27440K, reserved 540672K
  class space    used 3446K, capacity 3660K, committed 3712K, reserved 516096K
}
Event: 4.646 GC heap before
{Heap before GC invocations=4 (full 0):
 garbage-first heap   total 260096K, used 87085K [0x0000000080000000, 0x0000000100000000)
  region size 1024K, 69 young (70656K), 3 survivors (3072K)
 Metaspace       used 34964K, capacity 35810K, committed 35920K, reserved 548864K
  class space    used 4480K, capacity 4812K, committed 4864K, reserved 516096K
}
Event: 4.658 GC heap after
{Heap after GC invocations=5 (full 0):
 garbage-first heap   total 260096K, used 23307K [0x0000000080000000, 0x0000000100000000)
  region size 1024K, 6 young (6144K), 6 survivors (6144K)
 Metaspace       used 34964K, capacity 35810K, committed 35920K, reserved 548864K
  class space    used 4480K, capacity 4812K, committed 4864K, reserved 516096K
}
Event: 10.596 GC heap before
{Heap before GC invocations=6 (full 0):
 garbage-first heap   total 260096K, used 148235K [0x0000000080000000, 0x0000000100000000)
  region size 1024K, 125 young (128000K), 6 survivors (6144K)
 Metaspace       used 44767K, capacity 46081K, committed 46160K, reserved 557056K
  class space    used 5625K, capacity 6135K, committed 6144K, reserved 516096K
}
Event: 10.607 GC heap after
{Heap after GC invocations=7 (full 0):
 garbage-first heap   total 260096K, used 32456K [0x0000000080000000, 0x0000000100000000)
  region size 1024K, 15 young (15360K), 15 survivors (15360K)
 Metaspace       used 44767K, capacity 46081K, committed 46160K, reserved 557056K
  class space    used 5625K, capacity 6135K, committed 6144K, reserved 516096K
}
Event: 11.886 GC heap before
{Heap before GC invocations=7 (full 0):
 garbage-first heap   total 260096K, used 173768K [0x0000000080000000, 0x0000000100000000)
  region size 1024K, 147 young (150528K), 15 survivors (15360K)
 Metaspace       used 55730K, capacity 57280K, committed 57424K, reserved 567296K
  class space    used 7178K, capacity 7838K, committed 7936K, reserved 516096K
}
Event: 11.899 GC heap after
{Heap after GC invocations=8 (full 0):
 garbage-first heap   total 260096K, used 45403K [0x0000000080000000, 0x0000000100000000)
  region size 1024K, 16 young (16384K), 16 survivors (16384K)
 Metaspace       used 55730K, capacity 57280K, committed 57424K, reserved 567296K
  class space    used 7178K, capacity 7838K, committed 7936K, reserved 516096K
}
Event: 12.259 GC heap before
{Heap before GC invocations=8 (full 0):
 garbage-first heap   total 260096K, used 81243K [0x0000000080000000, 0x0000000100000000)
  region size 1024K, 52 young (53248K), 16 survivors (16384K)
 Metaspace       used 58486K, capacity 60178K, committed 60296K, reserved 569344K
  class space    used 7575K, capacity 8318K, committed 8320K, reserved 516096K
}
Event: 12.274 GC heap after
{Heap after GC invocations=9 (full 0):
 garbage-first heap   total 260096K, used 47955K [0x0000000080000000, 0x0000000100000000)
  region size 1024K, 10 young (10240K), 10 survivors (10240K)
 Metaspace       used 58486K, capacity 60178K, committed 60296K, reserved 569344K
  class space    used 7575K, capacity 8318K, committed 8320K, reserved 516096K
}
Event: 13.284 GC heap before
{Heap before GC invocations=10 (full 0):
 garbage-first heap   total 260096K, used 174931K [0x0000000080000000, 0x0000000100000000)
  region size 1024K, 134 young (137216K), 10 survivors (10240K)
 Metaspace       used 67106K, capacity 69086K, committed 69256K, reserved 577536K
  class space    used 8746K, capacity 9569K, committed 9600K, reserved 516096K
}
Event: 13.305 GC heap after
{Heap after GC invocations=11 (full 0):
 garbage-first heap   total 260096K, used 55079K [0x0000000080000000, 0x0000000100000000)
  region size 1024K, 17 young (17408K), 17 survivors (17408K)
 Metaspace       used 67106K, capacity 69086K, committed 69256K, reserved 577536K
  class space    used 8746K, capacity 9569K, committed 9600K, reserved 516096K
}
Event: 15.435 GC heap before
{Heap before GC invocations=12 (full 0):
 garbage-first heap   total 260096K, used 185127K [0x0000000080000000, 0x0000000100000000)
  region size 1024K, 143 young (146432K), 17 survivors (17408K)
 Metaspace       used 75335K, capacity 77623K, committed 77832K, reserved 583680K
  class space    used 9796K, capacity 10745K, committed 10752K, reserved 516096K
}
Event: 15.448 GC heap after
{Heap after GC invocations=13 (full 0):
 garbage-first heap   total 260096K, used 66252K [0x0000000080000000, 0x0000000100000000)
  region size 1024K, 18 young (18432K), 18 survivors (18432K)
 Metaspace       used 75335K, capacity 77623K, committed 77832K, reserved 583680K
  class space    used 9796K, capacity 10745K, committed 10752K, reserved 516096K
}
Event: 16.698 GC heap before
{Heap before GC invocations=13 (full 0):
 garbage-first heap   total 260096K, used 197324K [0x0000000080000000, 0x0000000100000000)
  region size 1024K, 138 young (141312K), 18 survivors (18432K)
 Metaspace       used 84469K, capacity 86984K, committed 87048K, reserved 591872K
  class space    used 10950K, capacity 11978K, committed 12032K, reserved 516096K
}
Event: 16.713 GC heap after
{Heap after GC invocations=14 (full 0):
 garbage-first heap   total 260096K, used 78114K [0x0000000080000000, 0x0000000100000000)
  region size 1024K, 12 young (12288K), 12 survivors (12288K)
 Metaspace       used 84469K, capacity 86984K, committed 87048K, reserved 591872K
  class space    used 10950K, capacity 11978K, committed 12032K, reserved 516096K
}

