# JRE version: OpenJDK Runtime Environment (17.0.6) (build 17.0.6+0-b2043.56-9586694)
# Java VM: OpenJDK 64-Bit Server VM (17.0.6+0-b2043.56-9586694, mixed mode, tiered, compressed oops, compressed class ptrs, g1 gc, windows-amd64)
GC Precious Log:
 CPUs: 8 total, 8 available
 Memory: 16255M
 Large Page Support: Disabled
 NUMA Support: Disabled
 Compressed Oops: Enabled (32-bit)
 Heap Region Size: 1M
 Heap Min Capacity: 8M
 Heap Initial Capacity: 254M
 Heap Max Capacity: 2G
 Pre-touch: Disabled
 Parallel Workers: 8
 Concurrent Workers: 2
 Concurrent Refinement Workers: 8
 Periodic GC: Disabled
Heap:
 garbage-first heap   total 441344K, used 376025K [0x0000000080000000, 0x0000000100000000)
  region size 1024K, 260 young (266240K), 19 survivors (19456K)
 Metaspace       used 52550K, committed 52992K, reserved 471040K
  class space    used 6985K, committed 7168K, reserved 421888K
GC Heap History (20 events):
Event: 13.184 GC heap after
{Heap after GC invocations=50 (full 0):
 garbage-first heap   total 319488K, used 117039K [0x0000000080000000, 0x0000000100000000)
  region size 1024K, 11 young (11264K), 11 survivors (11264K)
 Metaspace       used 52544K, committed 52992K, reserved 471040K
  class space    used 6984K, committed 7168K, reserved 421888K
}
Event: 13.372 GC heap before
{Heap before GC invocations=50 (full 0):
 garbage-first heap   total 319488K, used 273711K [0x0000000080000000, 0x0000000100000000)
  region size 1024K, 165 young (168960K), 11 survivors (11264K)
 Metaspace       used 52546K, committed 52992K, reserved 471040K
  class space    used 6984K, committed 7168K, reserved 421888K
}
Event: 13.377 GC heap after
{Heap after GC invocations=51 (full 0):
 garbage-first heap   total 319488K, used 118404K [0x0000000080000000, 0x0000000100000000)
  region size 1024K, 12 young (12288K), 12 survivors (12288K)
 Metaspace       used 52546K, committed 52992K, reserved 471040K
  class space    used 6984K, committed 7168K, reserved 421888K
}
Event: 13.543 GC heap before
{Heap before GC invocations=51 (full 0):
 garbage-first heap   total 319488K, used 274052K [0x0000000080000000, 0x0000000100000000)
  region size 1024K, 164 young (167936K), 12 survivors (12288K)
 Metaspace       used 52546K, committed 52992K, reserved 471040K
  class space    used 6984K, committed 7168K, reserved 421888K
}
Event: 13.550 GC heap after
{Heap after GC invocations=52 (full 0):
 garbage-first heap   total 319488K, used 120634K [0x0000000080000000, 0x0000000100000000)
  region size 1024K, 13 young (13312K), 13 survivors (13312K)
 Metaspace       used 52546K, committed 52992K, reserved 471040K
  class space    used 6984K, committed 7168K, reserved 421888K
}
Event: 13.707 GC heap before
{Heap before GC invocations=52 (full 0):
 garbage-first heap   total 319488K, used 272186K [0x0000000080000000, 0x0000000100000000)
  region size 1024K, 161 young (164864K), 13 survivors (13312K)
 Metaspace       used 52546K, committed 52992K, reserved 471040K
  class space    used 6984K, committed 7168K, reserved 421888K
}
Event: 13.712 GC heap after
{Heap after GC invocations=53 (full 0):
 garbage-first heap   total 319488K, used 122151K [0x0000000080000000, 0x0000000100000000)
  region size 1024K, 13 young (13312K), 13 survivors (13312K)
 Metaspace       used 52546K, committed 52992K, reserved 471040K
  class space    used 6984K, committed 7168K, reserved 421888K
}
Event: 13.868 GC heap before
{Heap before GC invocations=53 (full 0):
 garbage-first heap   total 319488K, used 272679K [0x0000000080000000, 0x0000000100000000)
  region size 1024K, 160 young (163840K), 13 survivors (13312K)
 Metaspace       used 52548K, committed 52992K, reserved 471040K
  class space    used 6984K, committed 7168K, reserved 421888K
}
Event: 13.885 GC heap after
{Heap after GC invocations=54 (full 0):
 garbage-first heap   total 319488K, used 121529K [0x0000000080000000, 0x0000000100000000)
  region size 1024K, 9 young (9216K), 9 survivors (9216K)
 Metaspace       used 52548K, committed 52992K, reserved 471040K
  class space    used 6984K, committed 7168K, reserved 421888K
}
Event: 13.995 GC heap before
{Heap before GC invocations=54 (full 0):
 garbage-first heap   total 319488K, used 277177K [0x0000000080000000, 0x0000000100000000)
  region size 1024K, 161 young (164864K), 9 survivors (9216K)
 Metaspace       used 52548K, committed 52992K, reserved 471040K
  class space    used 6984K, committed 7168K, reserved 421888K
}
Event: 13.999 GC heap after
{Heap after GC invocations=55 (full 0):
 garbage-first heap   total 319488K, used 122364K [0x0000000080000000, 0x0000000100000000)
  region size 1024K, 10 young (10240K), 10 survivors (10240K)
 Metaspace       used 52548K, committed 52992K, reserved 471040K
  class space    used 6984K, committed 7168K, reserved 421888K
}
Event: 14.075 GC heap before
{Heap before GC invocations=55 (full 0):
 garbage-first heap   total 319488K, used 275964K [0x0000000080000000, 0x0000000100000000)
  region size 1024K, 160 young (163840K), 10 survivors (10240K)
 Metaspace       used 52550K, committed 52992K, reserved 471040K
  class space    used 6985K, committed 7168K, reserved 421888K
}
Event: 14.079 GC heap after
{Heap after GC invocations=56 (full 0):
 garbage-first heap   total 319488K, used 123820K [0x0000000080000000, 0x0000000100000000)
  region size 1024K, 11 young (11264K), 11 survivors (11264K)
 Metaspace       used 52550K, committed 52992K, reserved 471040K
  class space    used 6985K, committed 7168K, reserved 421888K
}
Event: 14.157 GC heap before
{Heap before GC invocations=56 (full 0):
 garbage-first heap   total 319488K, used 275372K [0x0000000080000000, 0x0000000100000000)
  region size 1024K, 159 young (162816K), 11 survivors (11264K)
 Metaspace       used 52550K, committed 52992K, reserved 471040K
  class space    used 6985K, committed 7168K, reserved 421888K
}
Event: 14.162 GC heap after
{Heap after GC invocations=57 (full 0):
 garbage-first heap   total 441344K, used 124844K [0x0000000080000000, 0x0000000100000000)
  region size 1024K, 12 young (12288K), 12 survivors (12288K)
 Metaspace       used 52550K, committed 52992K, reserved 471040K
  class space    used 6985K, committed 7168K, reserved 421888K
}
Event: 14.444 GC heap before
{Heap before GC invocations=57 (full 0):
 garbage-first heap   total 441344K, used 376748K [0x0000000080000000, 0x0000000100000000)
  region size 1024K, 258 young (264192K), 12 survivors (12288K)
 Metaspace       used 52550K, committed 52992K, reserved 471040K
  class space    used 6985K, committed 7168K, reserved 421888K
}
Event: 14.451 GC heap after
{Heap after GC invocations=58 (full 0):
 garbage-first heap   total 441344K, used 127410K [0x0000000080000000, 0x0000000100000000)
  region size 1024K, 15 young (15360K), 15 survivors (15360K)
 Metaspace       used 52550K, committed 52992K, reserved 471040K
  class space    used 6985K, committed 7168K, reserved 421888K
}
Event: 14.711 GC heap before
{Heap before GC invocations=58 (full 0):
 garbage-first heap   total 441344K, used 376242K [0x0000000080000000, 0x0000000100000000)
  region size 1024K, 258 young (264192K), 15 survivors (15360K)
 Metaspace       used 52550K, committed 52992K, reserved 471040K
  class space    used 6985K, committed 7168K, reserved 421888K
}
Event: 14.717 GC heap after
{Heap after GC invocations=59 (full 0):
 garbage-first heap   total 441344K, used 129241K [0x0000000080000000, 0x0000000100000000)
  region size 1024K, 17 young (17408K), 17 survivors (17408K)
 Metaspace       used 52550K, committed 52992K, reserved 471040K
  class space    used 6985K, committed 7168K, reserved 421888K
}
Event: 14.977 GC heap before
{Heap before GC invocations=59 (full 0):
 garbage-first heap   total 441344K, used 376025K [0x0000000080000000, 0x0000000100000000)
  region size 1024K, 258 young (264192K), 17 survivors (17408K)
 Metaspace       used 52550K, committed 52992K, reserved 471040K
  class space    used 6985K, committed 7168K, reserved 421888K
}

